f:\code\qt\qtdemo\heartmap\mydemo\debug\mainwindow.obj
f:\code\qt\qtdemo\heartmap\mydemo\debug\main.obj
f:\code\qt\qtdemo\heartmap\mydemo\debug\qcustomplot.obj
f:\code\qt\qtdemo\heartmap\mydemo\debug\vc142.pdb
f:\code\qt\qtdemo\heartmap\mydemo\debug\moc_mainwindow.obj
f:\code\qt\qtdemo\heartmap\mydemo\debug\moc_qcustomplot.obj
f:\code\qt\qtdemo\heartmap\mydemo\debug\moc_predefs.h
f:\code\qt\qtdemo\heartmap\mydemo\debug\mydemo.exe
f:\code\qt\qtdemo\heartmap\mydemo\debug\mydemo.ilk
f:\code\qt\qtdemo\heartmap\mydemo\debug\mydemo.pdb
f:\code\qt\qtdemo\heartmap\mydemo\debug\moc_mainwindow.cpp
f:\code\qt\qtdemo\heartmap\mydemo\ui_mainwindow.h
f:\code\qt\qtdemo\heartmap\mydemo\debug\moc_qcustomplot.cpp
f:\code\qt\qtdemo\heartmap\mydemo\debug\mydemo.tlog\cl.command.1.tlog
f:\code\qt\qtdemo\heartmap\mydemo\debug\mydemo.tlog\cl.read.1.tlog
f:\code\qt\qtdemo\heartmap\mydemo\debug\mydemo.tlog\cl.write.1.tlog
f:\code\qt\qtdemo\heartmap\mydemo\debug\mydemo.tlog\custombuild.command.1.tlog
f:\code\qt\qtdemo\heartmap\mydemo\debug\mydemo.tlog\custombuild.read.1.tlog
f:\code\qt\qtdemo\heartmap\mydemo\debug\mydemo.tlog\custombuild.write.1.tlog
f:\code\qt\qtdemo\heartmap\mydemo\debug\mydemo.tlog\link.command.1.tlog
f:\code\qt\qtdemo\heartmap\mydemo\debug\mydemo.tlog\link.read.1.tlog
f:\code\qt\qtdemo\heartmap\mydemo\debug\mydemo.tlog\link.write.1.tlog
f:\code\qt\qtdemo\heartmap\mydemo\debug\mydemo.tlog\moc.read.1u.tlog
f:\code\qt\qtdemo\heartmap\mydemo\debug\mydemo.tlog\moc.write.1u.tlog
f:\code\qt\qtdemo\heartmap\mydemo\debug\mydemo.tlog\mydemo.write.1u.tlog
f:\code\qt\qtdemo\heartmap\mydemo\debug\mydemo.tlog\uic.read.1u.tlog
f:\code\qt\qtdemo\heartmap\mydemo\debug\mydemo.tlog\uic.write.1u.tlog
